<?xml version="1.0" encoding="UTF-8"?>
<!-- Generated by org.testng.reporters.JUnitReportReporter -->
<testsuite skipped="0" hostname="Anns" name="testcases.TC004_PayPal" tests="1" failures="0" timestamp="27 May 2018 12:56:45 GMT" time="25.715" errors="0">
  <testcase name="signUp" time="25.715" classname="testcases.TC004_PayPal"/>
</testsuite> <!-- testcases.TC004_PayPal -->
